2025-01-10 08:01:12 INFO Application started
2025-01-10 08:01:13 INFO User login successful user_id=101
2025-01-10 08:01:15 INFO Fetching user dashboard
2025-01-10 08:01:18 WARNING Slow response detected endpoint=/dashboard
2025-01-10 08:01:22 INFO User logout user_id=101

2025-01-10 09:05:44 INFO User login successful user_id=102
2025-01-10 09:05:46 INFO Fetching reports
2025-01-10 09:05:48 ERROR Database connection failed
2025-01-10 09:05:50 INFO Retrying database connection
2025-01-10 09:05:52 INFO Database connection restored
2025-01-10 09:06:01 INFO Report generated successfully

2025-01-10 10:12:30 INFO User login successful user_id=103
2025-01-10 10:12:31 INFO Uploading file filename=data.csv
2025-01-10 10:12:33 INFO File upload completed
2025-01-10 10:12:35 INFO Processing file
2025-01-10 10:12:40 WARNING File processing took longer than expected
2025-01-10 10:12:45 INFO File processed successfully

2025-01-10 11:00:00 INFO Scheduled job started job=cleanup
2025-01-10 11:00:02 INFO Deleting temporary files
2025-01-10 11:00:05 INFO Cleanup completed
2025-01-10 11:00:06 INFO Scheduled job finished job=cleanup

2025-01-10 12:45:10 INFO User login successful user_id=104
2025-01-10 12:45:12 INFO Fetching account settings
2025-01-10 12:45:15 ERROR Permission denied accessing settings
2025-01-10 12:45:18 INFO User logout user_id=104

2025-01-10 13:30:55 INFO User login successful user_id=105
2025-01-10 13:30:57 INFO Making payment amount=250
2025-01-10 13:30:59 ERROR Payment gateway timeout
2025-01-10 13:31:05 INFO Retrying payment
2025-01-10 13:31:10 INFO Payment successful
2025-01-10 13:31:12 INFO Receipt emailed to user

2025-01-10 14:10:20 INFO User login successful user_id=106
2025-01-10 14:10:25 INFO Searching products query=laptop
2025-01-10 14:10:30 INFO Search completed results=42
2025-01-10 14:10:35 INFO User logout user_id=106

2025-01-10 15:55:01 INFO System health check started
2025-01-10 15:55:02 INFO CPU usage normal
2025-01-10 15:55:03 INFO Memory usage normal
2025-01-10 15:55:04 INFO Disk space normal
2025-01-10 15:55:05 INFO System health check passed

2025-01-10 17:20:44 INFO User login successful user_id=107
2025-01-10 17:20:46 INFO Updating profile
2025-01-10 17:20:49 INFO Profile updated successfully
2025-01-10 17:20:52 INFO User logout user_id=107

2025-01-10 18:00:00 INFO Application shutdown initiated
2025-01-10 18:00:02 INFO Closing database connections
2025-01-10 18:00:05 INFO Application shutdown complete
